<?xml version="1.0" encoding="UTF-8"?>
<coverage generated="1780676422130" clover="3.2.0">
  <project timestamp="1780676422130" name="All files">
    <metrics statements="45" coveredstatements="44" conditionals="44" coveredconditionals="43" methods="7" coveredmethods="7" elements="96" coveredelements="94" complexity="0" loc="45" ncloc="45" packages="1" files="7" classes="7"/>
    <file name="actualizarCliente.js" path="C:\Users\HP 17-CN0\Desktop\Uni Tercer Año\Ferreteria_Laguna\src\test\actualizarCliente.js">
      <metrics statements="7" coveredstatements="7" conditionals="8" coveredconditionals="8" methods="1" coveredmethods="1"/>
      <line num="2" count="3" type="stmt"/>
      <line num="5" count="3" type="cond" truecount="4" falsecount="0"/>
      <line num="6" count="1" type="stmt"/>
      <line num="13" count="2" type="cond" truecount="4" falsecount="0"/>
      <line num="14" count="1" type="stmt"/>
      <line num="21" count="1" type="stmt"/>
      <line num="26" count="1" type="stmt"/>
    </file>
    <file name="actualizarProducto.js" path="C:\Users\HP 17-CN0\Desktop\Uni Tercer Año\Ferreteria_Laguna\src\test\actualizarProducto.js">
      <metrics statements="7" coveredstatements="7" conditionals="6" coveredconditionals="6" methods="1" coveredmethods="1"/>
      <line num="2" count="3" type="stmt"/>
      <line num="5" count="3" type="cond" truecount="2" falsecount="0"/>
      <line num="6" count="1" type="stmt"/>
      <line num="13" count="2" type="cond" truecount="4" falsecount="0"/>
      <line num="14" count="1" type="stmt"/>
      <line num="21" count="1" type="stmt"/>
      <line num="26" count="1" type="stmt"/>
    </file>
    <file name="agregarCategoria.js" path="C:\Users\HP 17-CN0\Desktop\Uni Tercer Año\Ferreteria_Laguna\src\test\agregarCategoria.js">
      <metrics statements="7" coveredstatements="7" conditionals="8" coveredconditionals="8" methods="1" coveredmethods="1"/>
      <line num="2" count="3" type="stmt"/>
      <line num="5" count="3" type="cond" truecount="4" falsecount="0"/>
      <line num="6" count="1" type="stmt"/>
      <line num="13" count="2" type="cond" truecount="4" falsecount="0"/>
      <line num="14" count="1" type="stmt"/>
      <line num="21" count="1" type="stmt"/>
      <line num="26" count="1" type="stmt"/>
    </file>
    <file name="agregarCliente.js" path="C:\Users\HP 17-CN0\Desktop\Uni Tercer Año\Ferreteria_Laguna\src\test\agregarCliente.js">
      <metrics statements="7" coveredstatements="7" conditionals="8" coveredconditionals="8" methods="1" coveredmethods="1"/>
      <line num="2" count="3" type="stmt"/>
      <line num="5" count="3" type="cond" truecount="4" falsecount="0"/>
      <line num="6" count="1" type="stmt"/>
      <line num="13" count="2" type="cond" truecount="4" falsecount="0"/>
      <line num="14" count="1" type="stmt"/>
      <line num="21" count="1" type="stmt"/>
      <line num="26" count="1" type="stmt"/>
    </file>
    <file name="agregarEmpleado.js" path="C:\Users\HP 17-CN0\Desktop\Uni Tercer Año\Ferreteria_Laguna\src\test\agregarEmpleado.js">
      <metrics statements="7" coveredstatements="6" conditionals="6" coveredconditionals="5" methods="1" coveredmethods="1"/>
      <line num="2" count="3" type="stmt"/>
      <line num="5" count="3" type="cond" truecount="4" falsecount="0"/>
      <line num="6" count="1" type="stmt"/>
      <line num="10" count="2" type="cond" truecount="1" falsecount="1"/>
      <line num="11" count="2" type="stmt"/>
      <line num="14" count="0" type="stmt"/>
      <line num="17" count="1" type="stmt"/>
    </file>
    <file name="agregarProducto.js" path="C:\Users\HP 17-CN0\Desktop\Uni Tercer Año\Ferreteria_Laguna\src\test\agregarProducto.js">
      <metrics statements="5" coveredstatements="5" conditionals="4" coveredconditionals="4" methods="1" coveredmethods="1"/>
      <line num="2" count="3" type="stmt"/>
      <line num="4" count="3" type="cond" truecount="4" falsecount="0"/>
      <line num="5" count="1" type="stmt"/>
      <line num="8" count="2" type="stmt"/>
      <line num="14" count="1" type="stmt"/>
    </file>
    <file name="agregarVenta.js" path="C:\Users\HP 17-CN0\Desktop\Uni Tercer Año\Ferreteria_Laguna\src\test\agregarVenta.js">
      <metrics statements="5" coveredstatements="5" conditionals="4" coveredconditionals="4" methods="1" coveredmethods="1"/>
      <line num="2" count="3" type="stmt"/>
      <line num="4" count="3" type="cond" truecount="4" falsecount="0"/>
      <line num="5" count="1" type="stmt"/>
      <line num="8" count="2" type="stmt"/>
      <line num="14" count="1" type="stmt"/>
    </file>
  </project>
</coverage>
