<?xml version="1.0" encoding="UTF-8"?>
<coverage generated="1780527858724" clover="3.2.0">
  <project timestamp="1780527858724" name="All files">
    <metrics statements="28" coveredstatements="24" conditionals="28" coveredconditionals="24" methods="4" coveredmethods="4" elements="60" coveredelements="52" complexity="0" loc="28" ncloc="28" packages="1" files="4" classes="4"/>
    <file name="agregarCategoria.js" path="C:\Users\HP 17-CN0\Desktop\Uni Tercer Año\Ferreteria_Laguna\src\test\agregarCategoria.js">
      <metrics statements="7" coveredstatements="6" conditionals="6" coveredconditionals="5" methods="1" coveredmethods="1"/>
      <line num="2" count="3" type="stmt"/>
      <line num="5" count="3" type="cond" truecount="4" falsecount="0"/>
      <line num="6" count="1" type="stmt"/>
      <line num="10" count="2" type="cond" truecount="1" falsecount="1"/>
      <line num="11" count="2" type="stmt"/>
      <line num="14" count="0" type="stmt"/>
      <line num="17" count="1" type="stmt"/>
    </file>
    <file name="agregarCliente.js" path="C:\Users\HP 17-CN0\Desktop\Uni Tercer Año\Ferreteria_Laguna\src\test\agregarCliente.js">
      <metrics statements="7" coveredstatements="6" conditionals="8" coveredconditionals="7" methods="1" coveredmethods="1"/>
      <line num="2" count="3" type="stmt"/>
      <line num="5" count="3" type="cond" truecount="4" falsecount="0"/>
      <line num="6" count="1" type="stmt"/>
      <line num="10" count="2" type="cond" truecount="3" falsecount="1"/>
      <line num="11" count="2" type="stmt"/>
      <line num="15" count="0" type="stmt"/>
      <line num="18" count="1" type="stmt"/>
    </file>
    <file name="agregarEmpleado.js" path="C:\Users\HP 17-CN0\Desktop\Uni Tercer Año\Ferreteria_Laguna\src\test\agregarEmpleado.js">
      <metrics statements="7" coveredstatements="6" conditionals="6" coveredconditionals="5" methods="1" coveredmethods="1"/>
      <line num="2" count="3" type="stmt"/>
      <line num="5" count="3" type="cond" truecount="4" falsecount="0"/>
      <line num="6" count="1" type="stmt"/>
      <line num="10" count="2" type="cond" truecount="1" falsecount="1"/>
      <line num="11" count="2" type="stmt"/>
      <line num="14" count="0" type="stmt"/>
      <line num="17" count="1" type="stmt"/>
    </file>
    <file name="agregarProducto.js" path="C:\Users\HP 17-CN0\Desktop\Uni Tercer Año\Ferreteria_Laguna\src\test\agregarProducto.js">
      <metrics statements="7" coveredstatements="6" conditionals="8" coveredconditionals="7" methods="1" coveredmethods="1"/>
      <line num="2" count="2" type="stmt"/>
      <line num="6" count="2" type="cond" truecount="4" falsecount="0"/>
      <line num="7" count="1" type="stmt"/>
      <line num="8" count="1" type="cond" truecount="3" falsecount="1"/>
      <line num="10" count="1" type="stmt"/>
      <line num="12" count="0" type="stmt"/>
      <line num="16" count="1" type="stmt"/>
    </file>
  </project>
</coverage>
