{"C:\\Users\\HP 17-CN0\\Desktop\\Uni Tercer Año\\Ferreteria_Laguna\\src\\test\\agregarCategoria.js": {"path":"C:\\Users\\HP 17-CN0\\Desktop\\Uni Tercer Año\\Ferreteria_Laguna\\src\\test\\agregarCategoria.js","statementMap":{"0":{"start":{"line":2,"column":39},"end":{"line":2,"column":48}},"1":{"start":{"line":5,"column":2},"end":{"line":7,"column":3}},"2":{"start":{"line":6,"column":4},"end":{"line":6,"column":82}},"3":{"start":{"line":10,"column":2},"end":{"line":12,"column":3}},"4":{"start":{"line":11,"column":4},"end":{"line":11,"column":28}},"5":{"start":{"line":14,"column":2},"end":{"line":14,"column":55}},"6":{"start":{"line":17,"column":0},"end":{"line":17,"column":34}}},"fnMap":{"0":{"name":"agregarCategoria","decl":{"start":{"line":1,"column":9},"end":{"line":1,"column":25}},"loc":{"start":{"line":1,"column":37},"end":{"line":15,"column":1}},"line":1}},"branchMap":{"0":{"loc":{"start":{"line":5,"column":2},"end":{"line":7,"column":3}},"type":"if","locations":[{"start":{"line":5,"column":2},"end":{"line":7,"column":3}},{"start":{},"end":{}}],"line":5},"1":{"loc":{"start":{"line":5,"column":6},"end":{"line":5,"column":57}},"type":"binary-expr","locations":[{"start":{"line":5,"column":6},"end":{"line":5,"column":23}},{"start":{"line":5,"column":27},"end":{"line":5,"column":57}}],"line":5},"2":{"loc":{"start":{"line":10,"column":2},"end":{"line":12,"column":3}},"type":"if","locations":[{"start":{"line":10,"column":2},"end":{"line":12,"column":3}},{"start":{},"end":{}}],"line":10}},"s":{"0":3,"1":3,"2":1,"3":2,"4":2,"5":0,"6":1},"f":{"0":3},"b":{"0":[1,2],"1":[3,2],"2":[2,0]},"_coverageSchema":"1a1c01bbd47fc00a2c39e90264f33305004495a9","hash":"fc91317ff43162437b0678f6c5218ef905c7eb34"}
,"C:\\Users\\HP 17-CN0\\Desktop\\Uni Tercer Año\\Ferreteria_Laguna\\src\\test\\agregarCliente.js": {"path":"C:\\Users\\HP 17-CN0\\Desktop\\Uni Tercer Año\\Ferreteria_Laguna\\src\\test\\agregarCliente.js","statementMap":{"0":{"start":{"line":2,"column":31},"end":{"line":2,"column":38}},"1":{"start":{"line":5,"column":2},"end":{"line":7,"column":3}},"2":{"start":{"line":6,"column":4},"end":{"line":6,"column":66}},"3":{"start":{"line":10,"column":2},"end":{"line":12,"column":3}},"4":{"start":{"line":11,"column":4},"end":{"line":11,"column":28}},"5":{"start":{"line":15,"column":2},"end":{"line":15,"column":55}},"6":{"start":{"line":18,"column":0},"end":{"line":18,"column":32}}},"fnMap":{"0":{"name":"agregarCliente","decl":{"start":{"line":1,"column":9},"end":{"line":1,"column":23}},"loc":{"start":{"line":1,"column":33},"end":{"line":16,"column":1}},"line":1}},"branchMap":{"0":{"loc":{"start":{"line":5,"column":2},"end":{"line":7,"column":3}},"type":"if","locations":[{"start":{"line":5,"column":2},"end":{"line":7,"column":3}},{"start":{},"end":{}}],"line":5},"1":{"loc":{"start":{"line":5,"column":6},"end":{"line":5,"column":37}},"type":"binary-expr","locations":[{"start":{"line":5,"column":6},"end":{"line":5,"column":13}},{"start":{"line":5,"column":17},"end":{"line":5,"column":37}}],"line":5},"2":{"loc":{"start":{"line":10,"column":2},"end":{"line":12,"column":3}},"type":"if","locations":[{"start":{"line":10,"column":2},"end":{"line":12,"column":3}},{"start":{},"end":{}}],"line":10},"3":{"loc":{"start":{"line":10,"column":6},"end":{"line":10,"column":24}},"type":"binary-expr","locations":[{"start":{"line":10,"column":6},"end":{"line":10,"column":12}},{"start":{"line":10,"column":16},"end":{"line":10,"column":24}}],"line":10}},"s":{"0":3,"1":3,"2":1,"3":2,"4":2,"5":0,"6":1},"f":{"0":3},"b":{"0":[1,2],"1":[3,2],"2":[2,0],"3":[2,2]},"_coverageSchema":"1a1c01bbd47fc00a2c39e90264f33305004495a9","hash":"97fce7adf7fc09b99afe4802f7bd26bea7ccc578"}
,"C:\\Users\\HP 17-CN0\\Desktop\\Uni Tercer Año\\Ferreteria_Laguna\\src\\test\\agregarEmpleado.js": {"path":"C:\\Users\\HP 17-CN0\\Desktop\\Uni Tercer Año\\Ferreteria_Laguna\\src\\test\\agregarEmpleado.js","statementMap":{"0":{"start":{"line":2,"column":29},"end":{"line":2,"column":37}},"1":{"start":{"line":5,"column":2},"end":{"line":7,"column":3}},"2":{"start":{"line":6,"column":4},"end":{"line":6,"column":65}},"3":{"start":{"line":10,"column":2},"end":{"line":12,"column":3}},"4":{"start":{"line":11,"column":4},"end":{"line":11,"column":28}},"5":{"start":{"line":14,"column":2},"end":{"line":14,"column":55}},"6":{"start":{"line":17,"column":0},"end":{"line":17,"column":33}}},"fnMap":{"0":{"name":"agregarEmpleado","decl":{"start":{"line":1,"column":9},"end":{"line":1,"column":24}},"loc":{"start":{"line":1,"column":35},"end":{"line":15,"column":1}},"line":1}},"branchMap":{"0":{"loc":{"start":{"line":5,"column":2},"end":{"line":7,"column":3}},"type":"if","locations":[{"start":{"line":5,"column":2},"end":{"line":7,"column":3}},{"start":{},"end":{}}],"line":5},"1":{"loc":{"start":{"line":5,"column":6},"end":{"line":5,"column":35}},"type":"binary-expr","locations":[{"start":{"line":5,"column":6},"end":{"line":5,"column":12}},{"start":{"line":5,"column":16},"end":{"line":5,"column":35}}],"line":5},"2":{"loc":{"start":{"line":10,"column":2},"end":{"line":12,"column":3}},"type":"if","locations":[{"start":{"line":10,"column":2},"end":{"line":12,"column":3}},{"start":{},"end":{}}],"line":10}},"s":{"0":3,"1":3,"2":1,"3":2,"4":2,"5":0,"6":1},"f":{"0":3},"b":{"0":[1,2],"1":[3,2],"2":[2,0]},"_coverageSchema":"1a1c01bbd47fc00a2c39e90264f33305004495a9","hash":"4425ec4bdc30b9d70dcd52cce83b892dd4fe084c"}
,"C:\\Users\\HP 17-CN0\\Desktop\\Uni Tercer Año\\Ferreteria_Laguna\\src\\test\\agregarProducto.js": {"path":"C:\\Users\\HP 17-CN0\\Desktop\\Uni Tercer Año\\Ferreteria_Laguna\\src\\test\\agregarProducto.js","statementMap":{"0":{"start":{"line":2,"column":31},"end":{"line":2,"column":39}},"1":{"start":{"line":6,"column":2},"end":{"line":13,"column":3}},"2":{"start":{"line":7,"column":4},"end":{"line":7,"column":28}},"3":{"start":{"line":8,"column":9},"end":{"line":13,"column":3}},"4":{"start":{"line":10,"column":4},"end":{"line":10,"column":28}},"5":{"start":{"line":12,"column":4},"end":{"line":12,"column":72}},"6":{"start":{"line":16,"column":0},"end":{"line":16,"column":33}}},"fnMap":{"0":{"name":"agregarProducto","decl":{"start":{"line":1,"column":9},"end":{"line":1,"column":24}},"loc":{"start":{"line":1,"column":35},"end":{"line":14,"column":1}},"line":1}},"branchMap":{"0":{"loc":{"start":{"line":6,"column":2},"end":{"line":13,"column":3}},"type":"if","locations":[{"start":{"line":6,"column":2},"end":{"line":13,"column":3}},{"start":{"line":8,"column":9},"end":{"line":13,"column":3}}],"line":6},"1":{"loc":{"start":{"line":6,"column":6},"end":{"line":6,"column":32}},"type":"binary-expr","locations":[{"start":{"line":6,"column":6},"end":{"line":6,"column":16}},{"start":{"line":6,"column":20},"end":{"line":6,"column":32}}],"line":6},"2":{"loc":{"start":{"line":8,"column":9},"end":{"line":13,"column":3}},"type":"if","locations":[{"start":{"line":8,"column":9},"end":{"line":13,"column":3}},{"start":{"line":11,"column":9},"end":{"line":13,"column":3}}],"line":8},"3":{"loc":{"start":{"line":8,"column":13},"end":{"line":8,"column":40}},"type":"binary-expr","locations":[{"start":{"line":8,"column":13},"end":{"line":8,"column":24}},{"start":{"line":8,"column":28},"end":{"line":8,"column":40}}],"line":8}},"s":{"0":2,"1":2,"2":1,"3":1,"4":1,"5":0,"6":1},"f":{"0":2},"b":{"0":[1,1],"1":[2,1],"2":[1,0],"3":[1,1]},"_coverageSchema":"1a1c01bbd47fc00a2c39e90264f33305004495a9","hash":"72b189ef7bf75fed960a64f7e97644bd28aa92aa"}
}
