TN:
SF:src\test\actualizarCliente.js
FN:1,actualizarCliente
FNF:1
FNH:1
FNDA:3,actualizarCliente
DA:2,3
DA:5,3
DA:6,1
DA:13,2
DA:14,1
DA:21,1
DA:26,1
LF:7
LH:7
BRDA:5,0,0,1
BRDA:5,0,1,2
BRDA:5,1,0,3
BRDA:5,1,1,2
BRDA:13,2,0,1
BRDA:13,2,1,1
BRDA:13,3,0,2
BRDA:13,3,1,1
BRF:8
BRH:8
end_of_record
TN:
SF:src\test\actualizarProducto.js
FN:1,actualizarProducto
FNF:1
FNH:1
FNDA:3,actualizarProducto
DA:2,3
DA:5,3
DA:6,1
DA:13,2
DA:14,1
DA:21,1
DA:26,1
LF:7
LH:7
BRDA:5,0,0,1
BRDA:5,0,1,2
BRDA:13,1,0,1
BRDA:13,1,1,1
BRDA:13,2,0,2
BRDA:13,2,1,1
BRF:6
BRH:6
end_of_record
